<?xml version="1.0" encoding="UTF-8"?>
<testsuite xmlns:xsi="http://www.w3.org/2001/XMLSchema-instance" xsi:noNamespaceSchemaLocation="https://maven.apache.org/surefire/maven-surefire-plugin/xsd/surefire-test-report.xsd" name="it.unipd.mtss.EShopBillTest" time="0.16" tests="2" errors="0" skipped="0" failures="0">
  <properties>
[...]
</properties>
  <testcase name="NonEmptyBasketTest" classname="it.unipd.mtss.EShopBillTest" time="0.014"/>
  <testcase name="EmptyBasketTest" classname="it.unipd.mtss.EShopBillTest" time="0"/>
</testsuite>