<?xml version="1.0" encoding="UTF-8"?>
<testsuite xmlns:xsi="http://www.w3.org/2001/XMLSchema-instance" xsi:noNamespaceSchemaLocation="https://maven.apache.org/surefire/maven-surefire-plugin/xsd/surefire-test-report.xsd" name="it.unipd.mtss.EShopBillTest" time="0.057" tests="4" errors="0" skipped="0" failures="0">
  <properties>
[...]
</properties>
  <testcase name="MoreFiveProcessorOrderTest" classname="it.unipd.mtss.EShopBillTest" time="0.009"/>
  <testcase name="NonEmptyOrderTest" classname="it.unipd.mtss.EShopBillTest" time="0"/>
  <testcase name="EmptyOrderTest" classname="it.unipd.mtss.EShopBillTest" time="0"/>
  <testcase name="LessFiveProcessorOrderTest" classname="it.unipd.mtss.EShopBillTest" time="0"/>
</testsuite>